<?xml version="1.0" encoding="UTF-8"?>
<!-- Generated by org.testng.reporters.JUnitReportReporter -->
<testsuite hostname="LAPTOP-F5MJSOQ3" failures="0" tests="1" name="com.healthcare.tests.HomeTests" time="36.850" errors="0" timestamp="2025-09-06T00:10:31 IST" skipped="0">
  <testcase classname="com.healthcare.tests.HomeTests" name="verifySearchNavigation" time="36.850"/>
</testsuite> <!-- com.healthcare.tests.HomeTests -->
